app/build/outputs/logs/manifest-merger-release-report.txt
-- Merging decision tree log ---
manifest
ADDED from src\main\AndroidManifest.xml:2:1-44:12
INJECTED from src\main\AndroidManifest.xml:2:1-44:12
INJECTED from src\main\AndroidManifest.xml:2:1-44:12
INJECTED from src\main\AndroidManifest.xml:2:1-44:12
INJECTED from src\main\AndroidManifest.xml:2:1-44:12
INJECTED from src\main\AndroidManifest.xml:2:1-44:12
INJECTED from src\main\AndroidManifest.xml:2:1-44:12
	package
		ADDED from src\main\AndroidManifest.xml:3:5-33
		INJECTED from src\main\AndroidManifest.xml
		INJECTED from src\main\AndroidManifest.xml
	android:versionName
		ADDED from src\main\AndroidManifest.xml:5:5-30
		INJECTED from src\main\AndroidManifest.xml
		INJECTED from src\main\AndroidManifest.xml
	xmlns:android
		ADDED from src\main\AndroidManifest.xml:2:11-69
	android:versionCode
		ADDED from src\main\AndroidManifest.xml:4:5-28
		INJECTED from src\main\AndroidManifest.xml
		INJECTED from src\main\AndroidManifest.xml
uses-feature#android.hardware.bluetooth_le
ADDED from src\main\AndroidManifest.xml:7:5-89
	android:required
		ADDED from src\main\AndroidManifest.xml:7:64-87
	android:name
		ADDED from src\main\AndroidManifest.xml:7:19-63
uses-permission#android.permission.BLUETOOTH
ADDED from src\main\AndroidManifest.xml:8:5-67
	android:name
		ADDED from src\main\AndroidManifest.xml:8:22-65
uses-permission#android.permission.BLUETOOTH_ADMIN
ADDED from src\main\AndroidManifest.xml:9:5-73
	android:name
		ADDED from src\main\AndroidManifest.xml:9:22-71
uses-permission#android.permission.ACCESS_NETWORK_STATE
ADDED from src\main\AndroidManifest.xml:11:9-82
	android:name
		ADDED from src\main\AndroidManifest.xml:11:26-80
uses-permission#android.permission.INTERNET
ADDED from src\main\AndroidManifest.xml:12:3-64
	android:name
		ADDED from src\main\AndroidManifest.xml:12:20-62
application
ADDED from src\main\AndroidManifest.xml:14:5-40:19
	android:label
		ADDED from src\main\AndroidManifest.xml:18:9-41
	android:icon
		ADDED from src\main\AndroidManifest.xml:17:9-45
	android:allowBackup
		ADDED from src\main\AndroidManifest.xml:15:9-35
	android:theme
		ADDED from src\main\AndroidManifest.xml:19:9-40
activity#com.buletoothn.Main.DeviceScanActivity
ADDED from src\main\AndroidManifest.xml:20:9-30:20
	android:label
		ADDED from src\main\AndroidManifest.xml:22:13-45
	android:theme
		ADDED from src\main\AndroidManifest.xml:23:13-69
	android:name
		ADDED from src\main\AndroidManifest.xml:21:13-66
intent-filter#action:name:android.intent.action.MAIN+category:name:android.intent.category.LAUNCHER
ADDED from src\main\AndroidManifest.xml:25:13-29:29
action#android.intent.action.MAIN
ADDED from src\main\AndroidManifest.xml:26:17-69
	android:name
		ADDED from src\main\AndroidManifest.xml:26:25-66
category#android.intent.category.LAUNCHER
ADDED from src\main\AndroidManifest.xml:28:17-77
	android:name
		ADDED from src\main\AndroidManifest.xml:28:27-74
service#com.buletoothn.BleService.BluetoothLeService
ADDED from src\main\AndroidManifest.xml:32:9-102
	android:enabled
		ADDED from src\main\AndroidManifest.xml:32:78-100
	android:name
		ADDED from src\main\AndroidManifest.xml:32:18-77
activity#com.buletoothn.BleFunction.CheckActivity
ADDED from src\main\AndroidManifest.xml:33:9-137
	android:windowSoftInputMode
		ADDED from src\main\AndroidManifest.xml:33:75-134
	android:name
		ADDED from src\main\AndroidManifest.xml:33:19-74
activity#com.buletoothn.BleFunction.CalibrationActivity
ADDED from src\main\AndroidManifest.xml:34:9-143
	android:windowSoftInputMode
		ADDED from src\main\AndroidManifest.xml:34:81-140
	android:name
		ADDED from src\main\AndroidManifest.xml:34:19-80
activity#com.buletoothn.BleFunction.ChoseItemActivity
ADDED from src\main\AndroidManifest.xml:35:9-140
	android:windowSoftInputMode
		ADDED from src\main\AndroidManifest.xml:35:79-138
	android:name
		ADDED from src\main\AndroidManifest.xml:35:19-78
activity#com.lee.buletoothn.MainActivity
ADDED from src\main\AndroidManifest.xml:36:9-121
	android:theme
		ADDED from src\main\AndroidManifest.xml:36:66-119
	android:name
		ADDED from src\main\AndroidManifest.xml:36:19-65
activity#com.buletoothn.set.set
ADDED from src\main\AndroidManifest.xml:38:9-60
	android:name
		ADDED from src\main\AndroidManifest.xml:38:19-56
supports-screens
ADDED from src\main\AndroidManifest.xml:42:5-50
	android:anyDensity
		ADDED from src\main\AndroidManifest.xml:42:23-48
uses-sdk
INJECTED from src\main\AndroidManifest.xml reason: use-sdk injection requested
INJECTED from src\main\AndroidManifest.xml
INJECTED from src\main\AndroidManifest.xml
INJECTED from src\main\AndroidManifest.xml
INJECTED from src\main\AndroidManifest.xml
	android:targetSdkVersion
		INJECTED from src\main\AndroidManifest.xml
		ADDED from src\main\AndroidManifest.xml
		INJECTED from src\main\AndroidManifest.xml
	android:minSdkVersion
		INJECTED from src\main\AndroidManifest.xml
		ADDED from src\main\AndroidManifest.xml
		INJECTED from src\main\AndroidManifest.xml